<?xml version="1.0" encoding="UTF-8"?>
<coverage generated="1616540502415" clover="3.2.0">
  <project timestamp="1616540502415" name="All files">
    <metrics statements="21" coveredstatements="17" conditionals="2" coveredconditionals="0" methods="12" coveredmethods="10" elements="35" coveredelements="27" complexity="0" loc="21" ncloc="21" packages="3" files="6" classes="6"/>
    <package name="components.layout">
      <metrics statements="8" coveredstatements="4" conditionals="2" coveredconditionals="0" methods="3" coveredmethods="1"/>
      <file name="AppHeader.vue" path="C:\Users\Chandrika Rajah\Documents\Vue\tv-guide\src\components\layout\AppHeader.vue">
        <metrics statements="7" coveredstatements="3" conditionals="2" coveredconditionals="0" methods="3" coveredmethods="1"/>
        <line num="32" count="1" type="stmt"/>
        <line num="33" count="1" type="stmt"/>
        <line num="36" count="9" type="stmt"/>
        <line num="42" count="0" type="cond" truecount="0" falsecount="2"/>
        <line num="43" count="0" type="stmt"/>
        <line num="44" count="0" type="stmt"/>
        <line num="46" count="0" type="stmt"/>
      </file>
      <file name="ButtonLayout.vue" path="C:\Users\Chandrika Rajah\Documents\Vue\tv-guide\src\components\layout\ButtonLayout.vue">
        <metrics statements="1" coveredstatements="1" conditionals="0" coveredconditionals="0" methods="0" coveredmethods="0"/>
        <line num="11" count="3" type="stmt"/>
      </file>
    </package>
    <package name="store.modules.shows">
      <metrics statements="8" coveredstatements="8" conditionals="0" coveredconditionals="0" methods="8" coveredmethods="8"/>
      <file name="getters.js" path="C:\Users\Chandrika Rajah\Documents\Vue\tv-guide\src\store\modules\shows\getters.js">
        <metrics statements="4" coveredstatements="4" conditionals="0" coveredconditionals="0" methods="4" coveredmethods="4"/>
        <line num="3" count="1" type="stmt"/>
        <line num="6" count="1" type="stmt"/>
        <line num="9" count="1" type="stmt"/>
        <line num="12" count="1" type="stmt"/>
      </file>
      <file name="mutations.js" path="C:\Users\Chandrika Rajah\Documents\Vue\tv-guide\src\store\modules\shows\mutations.js">
        <metrics statements="4" coveredstatements="4" conditionals="0" coveredconditionals="0" methods="4" coveredmethods="4"/>
        <line num="3" count="1" type="stmt"/>
        <line num="6" count="1" type="stmt"/>
        <line num="9" count="1" type="stmt"/>
        <line num="12" count="1" type="stmt"/>
      </file>
    </package>
    <package name="views.shows">
      <metrics statements="5" coveredstatements="5" conditionals="0" coveredconditionals="0" methods="1" coveredmethods="1"/>
      <file name="ShowItem.vue" path="C:\Users\Chandrika Rajah\Documents\Vue\tv-guide\src\views\shows\ShowItem.vue">
        <metrics statements="3" coveredstatements="3" conditionals="0" coveredconditionals="0" methods="1" coveredmethods="1"/>
        <line num="14" count="2" type="stmt"/>
        <line num="15" count="2" type="stmt"/>
        <line num="20" count="6" type="stmt"/>
      </file>
      <file name="ShowList.vue" path="C:\Users\Chandrika Rajah\Documents\Vue\tv-guide\src\views\shows\ShowList.vue">
        <metrics statements="2" coveredstatements="2" conditionals="0" coveredconditionals="0" methods="0" coveredmethods="0"/>
        <line num="15" count="1" type="stmt"/>
        <line num="16" count="1" type="stmt"/>
      </file>
    </package>
  </project>
</coverage>
