{"C:\\Users\\Chandrika Rajah\\Documents\\Vue\\tv-guide\\src\\components\\layout\\AppHeader.vue": {"path":"C:\\Users\\Chandrika Rajah\\Documents\\Vue\\tv-guide\\src\\components\\layout\\AppHeader.vue","statementMap":{"0":{"start":{"line":32,"column":0},"end":{"line":32,"column":null}},"1":{"start":{"line":33,"column":15},"end":{"line":33,"column":null}},"2":{"start":{"line":36,"column":4},"end":{"line":36,"column":11}},"3":{"start":{"line":42,"column":6},"end":{"line":47,"column":null}},"4":{"start":{"line":43,"column":8},"end":{"line":43,"column":13}},"5":{"start":{"line":44,"column":20},"end":{"line":44,"column":null}},"6":{"start":{"line":46,"column":8},"end":{"line":46,"column":13}}},"fnMap":{"0":{"name":"(anonymous_0)","decl":{"start":{"line":35,"column":2},"end":{"line":35,"column":6}},"loc":{"start":{"line":35,"column":9},"end":{"line":39,"column":null}}},"1":{"name":"(anonymous_1)","decl":{"start":{"line":41,"column":4},"end":{"line":41,"column":12}},"loc":{"start":{"line":41,"column":15},"end":{"line":48,"column":null}}},"2":{"name":"(anonymous_2)","decl":{"start":{"line":44,"column":11},"end":{"line":44,"column":20}},"loc":{"start":{"line":44,"column":20},"end":{"line":44,"column":null}}}},"branchMap":{"0":{"loc":{"start":{"line":42,"column":6},"end":{"line":47,"column":null}},"type":"if","locations":[{"start":{"line":42,"column":6},"end":{"line":47,"column":null}},{"start":{"line":42,"column":6},"end":{"line":47,"column":null}}]}},"s":{"0":1,"1":1,"2":9,"3":0,"4":0,"5":0,"6":0},"f":{"0":9,"1":0,"2":0},"b":{"0":[0,0]}}
,"C:\\Users\\Chandrika Rajah\\Documents\\Vue\\tv-guide\\src\\components\\layout\\ButtonLayout.vue": {"path":"C:\\Users\\Chandrika Rajah\\Documents\\Vue\\tv-guide\\src\\components\\layout\\ButtonLayout.vue","statementMap":{"0":{"start":{"line":11,"column":15},"end":{"line":11,"column":null}}},"fnMap":{},"branchMap":{},"s":{"0":3},"f":{},"b":{}}
,"C:\\Users\\Chandrika Rajah\\Documents\\Vue\\tv-guide\\src\\store\\modules\\shows\\getters.js": {"path":"C:\\Users\\Chandrika Rajah\\Documents\\Vue\\tv-guide\\src\\store\\modules\\shows\\getters.js","statementMap":{"0":{"start":{"line":3,"column":4},"end":{"line":3,"column":23}},"1":{"start":{"line":6,"column":4},"end":{"line":6,"column":32}},"2":{"start":{"line":9,"column":4},"end":{"line":9,"column":31}},"3":{"start":{"line":12,"column":4},"end":{"line":12,"column":32}}},"fnMap":{"0":{"name":"(anonymous_0)","decl":{"start":{"line":2,"column":2},"end":{"line":2,"column":3}},"loc":{"start":{"line":2,"column":15},"end":{"line":4,"column":3}},"line":2},"1":{"name":"(anonymous_1)","decl":{"start":{"line":5,"column":2},"end":{"line":5,"column":3}},"loc":{"start":{"line":5,"column":24},"end":{"line":7,"column":3}},"line":5},"2":{"name":"(anonymous_2)","decl":{"start":{"line":8,"column":2},"end":{"line":8,"column":3}},"loc":{"start":{"line":8,"column":23},"end":{"line":10,"column":3}},"line":8},"3":{"name":"(anonymous_3)","decl":{"start":{"line":11,"column":2},"end":{"line":11,"column":3}},"loc":{"start":{"line":11,"column":24},"end":{"line":13,"column":3}},"line":11}},"branchMap":{},"s":{"0":1,"1":1,"2":1,"3":1},"f":{"0":1,"1":1,"2":1,"3":1},"b":{},"_coverageSchema":"43e27e138ebf9cfc5966b082cf9a028302ed4184","hash":"c4557e461ddc8a40b00882d59dc89c79ce4a19de"}
,"C:\\Users\\Chandrika Rajah\\Documents\\Vue\\tv-guide\\src\\store\\modules\\shows\\mutations.js": {"path":"C:\\Users\\Chandrika Rajah\\Documents\\Vue\\tv-guide\\src\\store\\modules\\shows\\mutations.js","statementMap":{"0":{"start":{"line":3,"column":4},"end":{"line":3,"column":26}},"1":{"start":{"line":6,"column":4},"end":{"line":6,"column":35}},"2":{"start":{"line":9,"column":4},"end":{"line":9,"column":34}},"3":{"start":{"line":12,"column":4},"end":{"line":12,"column":35}}},"fnMap":{"0":{"name":"(anonymous_0)","decl":{"start":{"line":2,"column":2},"end":{"line":2,"column":3}},"loc":{"start":{"line":2,"column":27},"end":{"line":4,"column":3}},"line":2},"1":{"name":"(anonymous_1)","decl":{"start":{"line":5,"column":2},"end":{"line":5,"column":3}},"loc":{"start":{"line":5,"column":36},"end":{"line":7,"column":3}},"line":5},"2":{"name":"(anonymous_2)","decl":{"start":{"line":8,"column":2},"end":{"line":8,"column":3}},"loc":{"start":{"line":8,"column":35},"end":{"line":10,"column":3}},"line":8},"3":{"name":"(anonymous_3)","decl":{"start":{"line":11,"column":2},"end":{"line":11,"column":3}},"loc":{"start":{"line":11,"column":36},"end":{"line":13,"column":3}},"line":11}},"branchMap":{},"s":{"0":1,"1":1,"2":1,"3":1},"f":{"0":1,"1":1,"2":1,"3":1},"b":{},"_coverageSchema":"43e27e138ebf9cfc5966b082cf9a028302ed4184","hash":"945975ed10246b5dc76970e53d37871b54ad4c27"}
,"C:\\Users\\Chandrika Rajah\\Documents\\Vue\\tv-guide\\src\\views\\shows\\ShowItem.vue": {"path":"C:\\Users\\Chandrika Rajah\\Documents\\Vue\\tv-guide\\src\\views\\shows\\ShowItem.vue","statementMap":{"0":{"start":{"line":14,"column":0},"end":{"line":14,"column":null}},"1":{"start":{"line":15,"column":15},"end":{"line":15,"column":null}},"2":{"start":{"line":20,"column":6},"end":{"line":20,"column":13}}},"fnMap":{"0":{"name":"(anonymous_0)","decl":{"start":{"line":19,"column":4},"end":{"line":19,"column":22}},"loc":{"start":{"line":19,"column":25},"end":{"line":21,"column":null}}}},"branchMap":{},"s":{"0":2,"1":2,"2":6},"f":{"0":6},"b":{}}
,"C:\\Users\\Chandrika Rajah\\Documents\\Vue\\tv-guide\\src\\views\\shows\\ShowList.vue": {"path":"C:\\Users\\Chandrika Rajah\\Documents\\Vue\\tv-guide\\src\\views\\shows\\ShowList.vue","statementMap":{"0":{"start":{"line":15,"column":0},"end":{"line":15,"column":null}},"1":{"start":{"line":16,"column":15},"end":{"line":16,"column":null}}},"fnMap":{},"branchMap":{},"s":{"0":1,"1":1},"f":{},"b":{}}
}
