TN:
SF:C:\Users\Chandrika Rajah\Documents\Vue\tv-guide\src\components\layout\AppHeader.vue
FN:35,(anonymous_0)
FN:41,(anonymous_1)
FN:44,(anonymous_2)
FNF:3
FNH:1
FNDA:9,(anonymous_0)
FNDA:0,(anonymous_1)
FNDA:0,(anonymous_2)
DA:32,1
DA:33,1
DA:36,9
DA:42,0
DA:43,0
DA:44,0
DA:46,0
LF:7
LH:3
BRDA:42,0,0,0
BRDA:42,0,1,0
BRF:2
BRH:0
end_of_record
TN:
SF:C:\Users\Chandrika Rajah\Documents\Vue\tv-guide\src\components\layout\ButtonLayout.vue
FNF:0
FNH:0
DA:11,3
LF:1
LH:1
BRF:0
BRH:0
end_of_record
TN:
SF:C:\Users\Chandrika Rajah\Documents\Vue\tv-guide\src\store\modules\shows\getters.js
FN:2,(anonymous_0)
FN:5,(anonymous_1)
FN:8,(anonymous_2)
FN:11,(anonymous_3)
FNF:4
FNH:4
FNDA:1,(anonymous_0)
FNDA:1,(anonymous_1)
FNDA:1,(anonymous_2)
FNDA:1,(anonymous_3)
DA:3,1
DA:6,1
DA:9,1
DA:12,1
LF:4
LH:4
BRF:0
BRH:0
end_of_record
TN:
SF:C:\Users\Chandrika Rajah\Documents\Vue\tv-guide\src\store\modules\shows\mutations.js
FN:2,(anonymous_0)
FN:5,(anonymous_1)
FN:8,(anonymous_2)
FN:11,(anonymous_3)
FNF:4
FNH:4
FNDA:1,(anonymous_0)
FNDA:1,(anonymous_1)
FNDA:1,(anonymous_2)
FNDA:1,(anonymous_3)
DA:3,1
DA:6,1
DA:9,1
DA:12,1
LF:4
LH:4
BRF:0
BRH:0
end_of_record
TN:
SF:C:\Users\Chandrika Rajah\Documents\Vue\tv-guide\src\views\shows\ShowItem.vue
FN:19,(anonymous_0)
FNF:1
FNH:1
FNDA:6,(anonymous_0)
DA:14,2
DA:15,2
DA:20,6
LF:3
LH:3
BRF:0
BRH:0
end_of_record
TN:
SF:C:\Users\Chandrika Rajah\Documents\Vue\tv-guide\src\views\shows\ShowList.vue
FNF:0
FNH:0
DA:15,1
DA:16,1
LF:2
LH:2
BRF:0
BRH:0
end_of_record
